e:\directxstudy\debug\vc141.pdb
e:\directxstudy\debug\vc141.idb
e:\directxstudy\debug\rigidbody.obj
e:\directxstudy\debug\renderer.obj
e:\directxstudy\debug\playerg.obj
e:\directxstudy\debug\gravity2d.obj
e:\directxstudy\debug\listmanager.obj
e:\directxstudy\debug\object3d.obj
e:\directxstudy\debug\object2d.obj
e:\directxstudy\debug\object.obj
e:\directxstudy\debug\c3dmodel.obj
e:\directxstudy\debug\player.obj
e:\directxstudy\debug\objectfactory.obj
e:\directxstudy\debug\objectstencil.obj
e:\directxstudy\debug\objectbuffer.obj
e:\directxstudy\debug\mirrorstencil.obj
e:\directxstudy\debug\meshloader.obj
e:\directxstudy\debug\ground.obj
e:\directxstudy\debug\ctexture.obj
e:\directxstudy\debug\cbound.obj
e:\directxstudy\debug\camera.obj
e:\directxstudy\debug\studypart2.2.obj
e:\directxstudy\debug\studypart2.1.obj
e:\directxstudy\debug\stage_main.obj
e:\directxstudy\debug\light.obj
e:\directxstudy\debug\scene.obj
e:\directxstudy\debug\random.obj
e:\directxstudy\debug\main.obj
e:\directxstudy\debug\window.obj
e:\directxstudy\debug\vertex.obj
e:\directxstudy\debug\timer.obj
e:\directxstudy\debug\studypart3.2.obj
e:\directxstudy\debug\ctext.obj
e:\directxstudy\debug\studypart3.1.obj
e:\directxstudy\debug\stdafx.obj
e:\directxstudy\debug\stage1.obj
e:\directxstudy\debug\scenemanager.obj
e:\directxstudy\debug\physics2d.obj
e:\directxstudy\debug\direct93d.exe
e:\directxstudy\debug\direct93d.ilk
e:\directxstudy\debug\direct93d.pdb
e:\directxstudy\debug\direct93d.res
e:\directxstudy\debug\direct93d.tlog\cl.command.1.tlog
e:\directxstudy\debug\direct93d.tlog\cl.read.1.tlog
e:\directxstudy\debug\direct93d.tlog\cl.write.1.tlog
e:\directxstudy\debug\direct93d.tlog\link.command.1.tlog
e:\directxstudy\debug\direct93d.tlog\link.read.1.tlog
e:\directxstudy\debug\direct93d.tlog\link.write.1.tlog
e:\directxstudy\debug\direct93d.tlog\rc.command.1.tlog
e:\directxstudy\debug\direct93d.tlog\rc.read.1.tlog
e:\directxstudy\debug\direct93d.tlog\rc.write.1.tlog
